###############################################################
#  Generated by:      Cadence Innovus 21.11-s130_1
#  OS:                Linux x86_64(Host ID et4351.ewi.tudelft.nl)
#  Generated on:      Sun Mar 22 23:03:12 2026
#  Design:            et4351
#  Command:           report_ccopt_clock_trees -file clockReports/CT.rpt
###############################################################

Clock DAG stats:
================

-------------------------------------------------------------
Cell type                     Count    Area       Capacitance
-------------------------------------------------------------
Buffers                        115     811.908       0.191
Inverters                        1       1.026       0.000
Integrated Clock Gates           0       0.000       0.000
Non-Integrated Clock Gates       0       0.000       0.000
Clock Logic                      1       2.394       0.001
All                            117     815.328       0.192
-------------------------------------------------------------


Clock DAG wire lengths:
=======================

--------------------
Type     Wire Length
--------------------
Top           0.000
Trunk      4909.785
Leaf      33759.490
Total     38669.275
--------------------


Clock DAG hp wire lengths:
==========================

-----------------------
Type     hp Wire Length
-----------------------
Top            0.000
Trunk       4124.520
Leaf       10466.282
Total      14590.802
-----------------------


Clock DAG capacitances:
=======================

--------------------------------
Type     Gate     Wire     Total
--------------------------------
Top      0.000    0.000    0.000
Trunk    0.190    0.325    0.515
Leaf     1.545    2.440    3.985
Total    1.735    2.765    4.500
--------------------------------


Clock DAG sink capacitances:
============================

--------------------------------------------------------
Count    Total    Average    Std. Dev.    Min      Max
--------------------------------------------------------
7088     1.542     0.000       0.001      0.000    0.050
--------------------------------------------------------


Clock DAG net violations:
=========================

--------------------------------------------------------------------------------------------
Type                    Units    Count    Average    Std. Dev.    Sum      Top 10 violations
--------------------------------------------------------------------------------------------
Remaining Transition    ns         1       0.002       0.000      0.002    [0.002]
--------------------------------------------------------------------------------------------


Clock DAG primary half-corner transition distribution:
======================================================

---------------------------------------------------------------------------------------------------------------------------------------------------------------------------------------------------------------------------
Net Type    Target    Count    Average    Std. Dev.    Min      Max      Distribution                                                                 Over Target
---------------------------------------------------------------------------------------------------------------------------------------------------------------------------------------------------------------------------
Trunk       0.093      30       0.063       0.028      0.000    0.093    {9 <= 0.056ns, 7 <= 0.075ns, 8 <= 0.084ns, 2 <= 0.089ns, 4 <= 0.093ns}                                         -
Leaf        0.093      94       0.084       0.015      0.020    0.096    {7 <= 0.056ns, 1 <= 0.075ns, 10 <= 0.084ns, 39 <= 0.089ns, 36 <= 0.093ns}    {1 <= 0.098ns, 0 <= 0.103ns, 0 <= 0.112ns, 0 <= 0.140ns, 0 > 0.140ns}
---------------------------------------------------------------------------------------------------------------------------------------------------------------------------------------------------------------------------


Clock DAG library cell distribution:
====================================

--------------------------------------------
Name         Type        Inst     Inst Area 
                         Count    (um^2)
--------------------------------------------
CLKBUFX20    buffer       81       664.848
CLKBUFX16    buffer       11        75.240
CLKBUFX12    buffer        4        20.520
CLKBUFX6     buffer        5        15.390
DLY2X4       buffer        1         6.840
DLY1X4       buffer        3        11.286
CLKBUFX3     buffer        2         4.104
CLKBUFX2     buffer        8        13.680
CLKINVX1     inverter      1         1.026
MX2X1        logic         1         2.394
--------------------------------------------



Please note that the following tables reflect only the defined clock trees, so the flop counts might not include all flops in your design.

Clock Tree Summary:
===================

------------------------------------------------------------------------------------------------------------------------------------------------------------
Clock Tree                      Clock  Bufs  Invs  Other  Max       Max     Max      Max          Standard   Wire   Gate   Clock Tree Root
Name                            Gates              Clock  Non-leaf  Leaf    Length   Source-sink  cell area  cap    cap    
                                                   Cells  Fanout    Fanout  (um)     Resistance   (um^2)     (pF)   (pF)   
                                                                                     (Ohms)                                
------------------------------------------------------------------------------------------------------------------------------------------------------------
clk                               0    115    1      1       10      100    512.8      4663.64     815.328   2.765  1.735  clk
clk_generator_for_flash_clk<1>    0      4    0      1        2        2    113.155    1248.62      17.100   0.020  0.054  soc/spimemio/config_clk_reg/Q
clk_generator_for_flash_clk<2>    0      3    0      1        2        2    113.155    1248.62      15.390   0.018  0.054  soc/spimemio/xfer/flash_clk_reg/Q
clk_generator_for_flash_clk<3>    0      3    1      1        2        9    113.155    1248.62      16.416   0.025  0.058  soc/spimemio/config_en_reg/Q
------------------------------------------------------------------------------------------------------------------------------------------------------------

Clock Sink Summary:
===================

---------------------------------------------------------------------------------------------------------------------------------------------------------------
Clock Tree                      Explicit      Implicit      Explicit     Implicit     Explicit   Implicit   Posedge  Negedge  Memory  Enable  Non enable  Other
Name                            exclude pins  exclude pins  ignore pins  ignore pins  stop pins  stop pins  Flops    Flops    Clock   Latch   Latch       Sinks
                                                                                                                              Pins    Sinks   Sinks       
---------------------------------------------------------------------------------------------------------------------------------------------------------------
clk                                  0             0             0            0           0          0       7060       4       4       0         0        20
clk_generator_for_flash_clk<1>       0             0             1            0           0          0          0       0       0       0         0         3
clk_generator_for_flash_clk<2>       0             0             2            0           0          0          0       0       0       0         0         4
clk_generator_for_flash_clk<3>       0             0            17            0           0          0          0       0       0       0         0        17
---------------------------------------------------------------------------------------------------------------------------------------------------------------

Summary across all clock trees:
===============================

------------------------------------------------------------------------------------------------------------
Clock  Bufs  Invs  Other  Max       Average   Max     Average  Max      Max          Standard   Wire   Gate
Gates              Clock  Non-leaf  Non-leaf  Leaf    Leaf     Length   Source-sink  cell area  cap    cap
                   Cells  Fanout    Fanout    Fanout  Fanout   (um)     Resistance   (um^2)     (pF)   (pF)
                                                                        (Ohms)                         
------------------------------------------------------------------------------------------------------------
  0    115    1      1       10     4.37037    100    75.4468  512.800    466.364     815.328   2.765  1.735
------------------------------------------------------------------------------------------------------------

Clock Sink Summary across all clock trees:
==========================================

-------------------------------------------------------------------------------------------------------------------------------
Explicit      Implicit      Explicit     Implicit     Explicit   Implicit   Posedge  Negedge  Memory  Enable  Non enable  Other
exclude pins  exclude pins  ignore pins  ignore pins  stop pins  stop pins  Flops    Flops    Clock   Latch   Latch       Sinks
                                                                                              Pins    Sinks   Sinks       
-------------------------------------------------------------------------------------------------------------------------------
     0             0            20            0           0          0       7060       4       4       0         0        20
-------------------------------------------------------------------------------------------------------------------------------

Physical metrics across all clock trees:
========================================

-----------------------------------------------------------------------
Metric                               Minimum  Average  Maximum  Std.dev
-----------------------------------------------------------------------
Source-sink routed net length (um)    1.930    97.125  512.800  69.695
Source-sink manhattan distance (um)   3.940    93.975  515.855  70.300
Source-sink resistance (Ohm)         17.941   144.812  466.364  60.200
-----------------------------------------------------------------------

Transition distribution for half-corner delay_max:setup.late:
=============================================================

---------------------------------------------------------------------------------------------------------------------------------------------------------------------------------------------------------------------------
Net Type    Target    Count    Average    Std. Dev.    Min      Max      Distribution                                                                 Over Target
---------------------------------------------------------------------------------------------------------------------------------------------------------------------------------------------------------------------------
Trunk       0.093      27       0.070       0.019      0.029    0.093    {6 <= 0.056ns, 7 <= 0.075ns, 8 <= 0.084ns, 2 <= 0.089ns, 4 <= 0.093ns}                                         -
Leaf        0.093      94       0.084       0.015      0.020    0.096    {7 <= 0.056ns, 1 <= 0.075ns, 10 <= 0.084ns, 39 <= 0.089ns, 36 <= 0.093ns}    {1 <= 0.098ns, 0 <= 0.103ns, 0 <= 0.112ns, 0 <= 0.140ns, 0 > 0.140ns}
---------------------------------------------------------------------------------------------------------------------------------------------------------------------------------------------------------------------------

Count of violations across all clock trees:
===========================================

-----------------------------------------------------------------------------------------------------------
Clock Tree                      # Max capacitance  # Max resistance  # Max length  # Max fanout  # Slew
Name                            violations         violations        violations    violations    violations
-----------------------------------------------------------------------------------------------------------
clk                                     0                 0               0             0            0
clk_generator_for_flash_clk<1>          0                 0               0             0            0
clk_generator_for_flash_clk<2>          0                 0               0             0            0
clk_generator_for_flash_clk<3>          0                 0               0             0            2
-----------------------------------------------------------------------------------------------------------
Total                                   0                 0               0             0            2
-----------------------------------------------------------------------------------------------------------

Note the above table per clock tree is based on CCOpt clock tree view. The violations are counted across half corners.

Found a total of 0 clock tree pins with max capacitance violations.
Found a total of 0 clock tree nets with max resistance violations.
Found a total of 0 clock tree nets with max length violations.
Found a total of 0 clock tree nets with max fanout violations.
Found a total of 2 clock tree pins with a slew violation.

Slew violation summary across all clock trees - Top 2 violating pins:
=====================================================================

Target and measured clock slews (in ns):

---------------------------------------------------------------------------------------------------
Half corner           Violation  Slew    Slew      Dont   Ideal  Target         Pin
                      amount     target  achieved  touch  net?   source         
                                                   net?                         
---------------------------------------------------------------------------------------------------
delay_max:setup.late    0.002    0.093    0.096    N      N      auto computed  flash_clk
delay_max:setup.late    0.002    0.093    0.096    N      N      auto computed  CTS_csf_buf_00111/Y
---------------------------------------------------------------------------------------------------

Target sources:
auto extracted - target was extracted from SDC.
auto computed - target was computed when balancing trees.
explicit - target is explicitly set via target_max_trans property.
pin explicit - target is explicitly set for this pin via pin_target_max_trans property.
liberty explicit - target is explicitly set via max_transition from liberty library.

Found 0 pins on nets marked dont_touch that have slew violations.
Found 0 pins on nets marked dont_touch that do not have slew violations.
Found 0 pins on nets marked ideal_network that have slew violations.
Found 0 pins on nets marked ideal_network that do not have slew violations.


Report for clock tree: clk:
===========================

Clock Tree Gating Structure (Logical):

# Full cycle clock gates   : 0
Minimum clock gating depth : 0
Maximum clock gating depth : 0
Clock gate area (um^2)     : 0.000

Clock Tree Buffering Structure (Logical):

# Buffers             : 115
# Inverters           :   1
  Total               : 116
Minimum depth         :   2
Maximum depth         :   8
Buffering area (um^2) : 812.934

Clock Tree Level Structure (Logical):

-----------------------------------------------------------------
Level  Full   Posedge  Negedge  Memory  Enable  Non enable  Other
       Cycle  Flops    Flops    Clock   Latch   Latch       Sinks
                                Pins    Sinks   Sinks       
-----------------------------------------------------------------
root     0     7060       4       4       0         0        20
-----------------------------------------------------------------
Total    0     7060       4       4       0         0        20
-----------------------------------------------------------------

Target and measured clock slews (in ns):

------------------------------------------------------------------------------------------------------------------------------------
Timing Corner          Worst Rising  Worst Falling  Worst Rising  Worst Falling  Leaf Slew      Leaf Slew  Trunk Slew     Trunk Slew
                       Leaf Slew     Leaf Slew      Trunk Slew    Trunk Slew     Target Type    Target     Target Type    Target
------------------------------------------------------------------------------------------------------------------------------------
delay_max:setup.early     0.080          0.096         0.080          0.092      ignored            -      ignored            -
delay_max:setup.late      0.081          0.096         0.081          0.093      auto computed  *0.093     auto computed   0.093
delay_min:hold.early      0.031          0.032         0.108          0.123      ignored            -      ignored            -
delay_min:hold.late       0.032          0.033         0.112          0.127      ignored            -      ignored            -
delay_typ:both.early      0.031          0.032         0.108          0.123      ignored            -      ignored            -
delay_typ:both.late       0.032          0.033         0.112          0.127      ignored            -      ignored            -
------------------------------------------------------------------------------------------------------------------------------------

Report for clock tree: clk_generator_for_flash_clk<1>:
======================================================

Clock Tree Gating Structure (Logical):

# Full cycle clock gates   : 0
Minimum clock gating depth : 0
Maximum clock gating depth : 0
Clock gate area (um^2)     : 0.000

Clock Tree Buffering Structure (Logical):

# Buffers             :  4
# Inverters           :  0
  Total               :  4
Minimum depth         :  1
Maximum depth         :  4
Buffering area (um^2) : 14.706

Clock Tree Level Structure (Logical):

-----------------------------------------------------------------
Level  Full   Posedge  Negedge  Memory  Enable  Non enable  Other
       Cycle  Flops    Flops    Clock   Latch   Latch       Sinks
                                Pins    Sinks   Sinks       
-----------------------------------------------------------------
root     0       0        0       0       0         0         3
-----------------------------------------------------------------
Total    0       0        0       0       0         0         3
-----------------------------------------------------------------

Target and measured clock slews (in ns):

------------------------------------------------------------------------------------------------------------------------------------
Timing Corner          Worst Rising  Worst Falling  Worst Rising  Worst Falling  Leaf Slew      Leaf Slew  Trunk Slew     Trunk Slew
                       Leaf Slew     Leaf Slew      Trunk Slew    Trunk Slew     Target Type    Target     Target Type    Target
------------------------------------------------------------------------------------------------------------------------------------
delay_max:setup.early     0.080          0.096         0.068          0.078      ignored            -      ignored            -
delay_max:setup.late      0.080          0.096         0.069          0.079      auto computed  *0.093     auto computed   0.093
delay_min:hold.early      0.023          0.024         0.017          0.018      ignored            -      ignored            -
delay_min:hold.late       0.023          0.024         0.018          0.019      ignored            -      ignored            -
delay_typ:both.early      0.023          0.024         0.017          0.018      ignored            -      ignored            -
delay_typ:both.late       0.023          0.024         0.018          0.019      ignored            -      ignored            -
------------------------------------------------------------------------------------------------------------------------------------

Report for clock tree: clk_generator_for_flash_clk<2>:
======================================================

Clock Tree Gating Structure (Logical):

# Full cycle clock gates   : 0
Minimum clock gating depth : 0
Maximum clock gating depth : 0
Clock gate area (um^2)     : 0.000

Clock Tree Buffering Structure (Logical):

# Buffers             :  3
# Inverters           :  0
  Total               :  3
Minimum depth         :  0
Maximum depth         :  3
Buffering area (um^2) : 12.996

Clock Tree Level Structure (Logical):

-----------------------------------------------------------------
Level  Full   Posedge  Negedge  Memory  Enable  Non enable  Other
       Cycle  Flops    Flops    Clock   Latch   Latch       Sinks
                                Pins    Sinks   Sinks       
-----------------------------------------------------------------
root     0       0        0       0       0         0         4
-----------------------------------------------------------------
Total    0       0        0       0       0         0         4
-----------------------------------------------------------------

Target and measured clock slews (in ns):

------------------------------------------------------------------------------------------------------------------------------------
Timing Corner          Worst Rising  Worst Falling  Worst Rising  Worst Falling  Leaf Slew      Leaf Slew  Trunk Slew     Trunk Slew
                       Leaf Slew     Leaf Slew      Trunk Slew    Trunk Slew     Target Type    Target     Target Type    Target
------------------------------------------------------------------------------------------------------------------------------------
delay_max:setup.early     0.080          0.096         0.068          0.078      ignored            -      ignored            -
delay_max:setup.late      0.080          0.096         0.069          0.079      auto computed  *0.093     auto computed   0.093
delay_min:hold.early      0.023          0.024         0.017          0.018      ignored            -      ignored            -
delay_min:hold.late       0.023          0.024         0.018          0.019      ignored            -      ignored            -
delay_typ:both.early      0.023          0.024         0.017          0.018      ignored            -      ignored            -
delay_typ:both.late       0.023          0.024         0.018          0.019      ignored            -      ignored            -
------------------------------------------------------------------------------------------------------------------------------------

Report for clock tree: clk_generator_for_flash_clk<3>:
======================================================

Clock Tree Gating Structure (Logical):

# Full cycle clock gates   : 0
Minimum clock gating depth : 0
Maximum clock gating depth : 0
Clock gate area (um^2)     : 0.000

Clock Tree Buffering Structure (Logical):

# Buffers             :  3
# Inverters           :  1
  Total               :  4
Minimum depth         :  0
Maximum depth         :  4
Buffering area (um^2) : 14.022

Clock Tree Level Structure (Logical):

-----------------------------------------------------------------
Level  Full   Posedge  Negedge  Memory  Enable  Non enable  Other
       Cycle  Flops    Flops    Clock   Latch   Latch       Sinks
                                Pins    Sinks   Sinks       
-----------------------------------------------------------------
root     0       0        0       0       0         0        17
-----------------------------------------------------------------
Total    0       0        0       0       0         0        17
-----------------------------------------------------------------

Target and measured clock slews (in ns):

------------------------------------------------------------------------------------------------------------------------------------
Timing Corner          Worst Rising  Worst Falling  Worst Rising  Worst Falling  Leaf Slew      Leaf Slew  Trunk Slew     Trunk Slew
                       Leaf Slew     Leaf Slew      Trunk Slew    Trunk Slew     Target Type    Target     Target Type    Target
------------------------------------------------------------------------------------------------------------------------------------
delay_max:setup.early     0.080          0.096         0.068          0.078      ignored            -      ignored            -
delay_max:setup.late      0.080          0.096         0.069          0.079      auto computed  *0.093     auto computed   0.093
delay_min:hold.early      0.023          0.024         0.017          0.018      ignored            -      ignored            -
delay_min:hold.late       0.023          0.024         0.018          0.019      ignored            -      ignored            -
delay_typ:both.early      0.023          0.024         0.017          0.018      ignored            -      ignored            -
delay_typ:both.late       0.023          0.024         0.018          0.019      ignored            -      ignored            -
------------------------------------------------------------------------------------------------------------------------------------

* - indicates that target was not met.

auto extracted - target was extracted from SDC.
auto computed - target was computed when balancing trees.

