###############################################################
#  Generated by:      Cadence Innovus 21.11-s130_1
#  OS:                Linux x86_64(Host ID et4351.ewi.tudelft.nl)
#  Generated on:      Wed Mar 18 20:25:56 2026
#  Design:            et4351
#  Command:           report_clocks > initialReports/report_clocks.rpt
###############################################################
     +------------------------------------------------------------------------------------------------+ 
     |                                       Clock Descriptions                                       | 
     |------------------------------------------------------------------------------------------------| 
     |           |           |                     |        |       |        |       Attributes       | 
     |-----------+-----------+---------------------+--------+-------+--------+------------------------| 
     |   Clock   |  Source   |        View         | Period |  Lead |  Trail | Generated | Propagated | 
     |   Name    |           |                     |        |       |        |           |            | 
     |-----------+-----------+---------------------+--------+-------+--------+-----------+------------| 
     |    clk    |    clk    | analysis_view_power | 20.830 | 0.000 | 10.415 |     n     |     n      | 
     |    clk    |    clk    | analysis_view_setup | 20.830 | 0.000 | 10.415 |     n     |     n      | 
     | flash_clk | flash_clk | analysis_view_setup | 41.660 | 0.000 | 20.830 |     y     |     n      | 
     | flash_clk | flash_clk | analysis_view_power | 41.660 | 0.000 | 20.830 |     y     |     n      | 
     +------------------------------------------------------------------------------------------------+ 
     +---------------------------------------------------------------------------------------------------------------------------------------------+ 
     |                                                        Generated-Clock Descriptions                                                         | 
     |---------------------------------------------------------------------------------------------------------------------------------------------| 
     |   Name    |  Generated  |   Master    | Master-clock |        View         | Source | Invert |   Freq.    | Duty-Cycle | Edges | Edge-Shift | 
     |           | Source(pin) | Source(pin) |              |                     | Invert |        | Multiplier |            |       |            | 
     |-----------+-------------+-------------+--------------+---------------------+--------+--------+------------+------------+-------+------------| 
     | flash_clk |  flash_clk  |     clk     |     clk      | analysis_view_power |   n    |   n    |    1/2     |     50     |   -   |     -      | 
     | flash_clk |  flash_clk  |     clk     |     clk      | analysis_view_setup |   n    |   n    |    1/2     |     50     |   -   |     -      | 
     +---------------------------------------------------------------------------------------------------------------------------------------------+ 
