============================================================
  Generated by:           Genus(TM) Synthesis Solution 21.10-p002_1
  Generated on:           Mar 18 2026  08:17:51 pm
  Module:                 et4351
  Technology libraries:   slow_vdd1v0 1.0
                          saed32sram_ss0p95vn40c 1.0000000
                          physical_cells 
  Operating conditions:   PVT_0P9V_125C 
  Interconnect mode:      global
  Area mode:              physical library
============================================================

                                    
    Gate      Instances     Area             Library          
--------------------------------------------------------------
ADDFX1             2316   11881.080    slow_vdd1v0            
ADDHX1              492    1850.904    slow_vdd1v0            
ADDHX2                1       5.130    slow_vdd1v0            
AND2X1             3907    5344.776    slow_vdd1v0            
AND2X2              282     482.220    slow_vdd1v0            
AND2X4               70     191.520    slow_vdd1v0            
AND2X6               87     327.294    slow_vdd1v0            
AND2X8              117     520.182    slow_vdd1v0            
AND3X1               14      33.516    slow_vdd1v0            
AND3X2               13      35.568    slow_vdd1v0            
AND3X4                2       6.156    slow_vdd1v0            
AND3X6                5      22.230    slow_vdd1v0            
AND3X8                3      15.390    slow_vdd1v0            
AND3XL              281     576.612    slow_vdd1v0            
AND4X1              332     794.808    slow_vdd1v0            
AND4X2                4      12.312    slow_vdd1v0            
AO21X1              188     450.072    slow_vdd1v0            
AO21X2               18      49.248    slow_vdd1v0            
AO21X4              265     906.300    slow_vdd1v0            
AO22X1             2235    6114.960    slow_vdd1v0            
AO22X4                1       3.762    slow_vdd1v0            
AOI211X2             38     129.960    slow_vdd1v0            
AOI21X1            1618    2766.780    slow_vdd1v0            
AOI21X2              27      73.872    slow_vdd1v0            
AOI221X2              5      22.230    slow_vdd1v0            
AOI222X2             73     399.456    slow_vdd1v0            
AOI22X2            5703   21454.686    slow_vdd1v0            
AOI2BB1X1           889    1824.228    slow_vdd1v0            
AOI2BB1X2             1       3.078    slow_vdd1v0            
AOI2BB1X4             1       4.104    slow_vdd1v0            
AOI2BB2X2             8      41.040    slow_vdd1v0            
AOI31X2               5      17.100    slow_vdd1v0            
BUFX12               48     246.240    slow_vdd1v0            
BUFX16               25     171.000    slow_vdd1v0            
BUFX2              1223    2091.330    slow_vdd1v0            
BUFX20                4      32.832    slow_vdd1v0            
BUFX3                53     108.756    slow_vdd1v0            
BUFX6                 4      12.312    slow_vdd1v0            
BUFX8                 3      11.286    slow_vdd1v0            
CLKAND2X12          202    1519.848    slow_vdd1v0            
CLKAND2X2             1       2.052    slow_vdd1v0            
CLKAND2X8             3      17.442    slow_vdd1v0            
CLKBUFX2             51      87.210    slow_vdd1v0            
CLKBUFX20            22     180.576    slow_vdd1v0            
CLKBUFX6              1       3.078    slow_vdd1v0            
CLKINVX12           155     636.120    slow_vdd1v0            
CLKINVX16           119     651.168    slow_vdd1v0            
CLKINVX20           114     740.772    slow_vdd1v0            
CLKINVX4            216     369.360    slow_vdd1v0            
CLKINVX6            153     366.282    slow_vdd1v0            
CLKINVX8            270     831.060    slow_vdd1v0            
CLKMX2X2              1       3.078    slow_vdd1v0            
CLKMX2X8              2      11.628    slow_vdd1v0            
CLKXOR2X1            51     139.536    slow_vdd1v0            
CLKXOR2X8            64     372.096    slow_vdd1v0            
DFFHQX1            2072   11337.984    slow_vdd1v0            
DFFHQX2             498    3406.320    slow_vdd1v0            
DFFHQX4               2      16.416    slow_vdd1v0            
DFFHQX8               1       9.234    slow_vdd1v0            
DFFNSRX1              4      36.936    slow_vdd1v0            
DFFQX2                9      58.482    slow_vdd1v0            
DFFQX4                3      21.546    slow_vdd1v0            
DFFQXL               15      82.080    slow_vdd1v0            
DFFRHQX1             83     510.948    slow_vdd1v0            
DFFRHQX2              6      47.196    slow_vdd1v0            
DFFRHQX4             18     172.368    slow_vdd1v0            
DFFRX1                6      41.040    slow_vdd1v0            
DFFRX2               54     406.296    slow_vdd1v0            
DFFSHQX1             13      84.474    slow_vdd1v0            
DFFSHQX4              1       9.576    slow_vdd1v0            
DFFSHQX8              1      10.602    slow_vdd1v0            
DFFSX1                1       7.524    slow_vdd1v0            
DFFSX4                1      10.944    slow_vdd1v0            
DFFTRX2             213    1748.304    slow_vdd1v0            
DFFTRX4               2      21.888    slow_vdd1v0            
DFFX1                48     344.736    slow_vdd1v0            
DFFX2                16     131.328    slow_vdd1v0            
DFFX4                59     544.806    slow_vdd1v0            
EDFFHQX1           3186   27240.300    slow_vdd1v0            
EDFFHQX2           2228   19811.376    slow_vdd1v0            
EDFFHQX4            157    1664.514    slow_vdd1v0            
EDFFHQX8             14     162.792    slow_vdd1v0            
EDFFX2               54     498.636    slow_vdd1v0            
EDFFX4                2      21.888    slow_vdd1v0            
INVX1              1656    1132.704    slow_vdd1v0            
INVX12               13      53.352    slow_vdd1v0            
INVX2               468     480.168    slow_vdd1v0            
INVX20               14      90.972    slow_vdd1v0            
INVX3               147     201.096    slow_vdd1v0            
INVX4                 2       3.420    slow_vdd1v0            
INVX6                23      55.062    slow_vdd1v0            
INVX8               174     535.572    slow_vdd1v0            
INVXL                15      10.260    slow_vdd1v0            
MDFFHQX1              1       8.550    slow_vdd1v0            
MDFFHQX2              1       9.234    slow_vdd1v0            
MDFFHQX4             58     535.572    slow_vdd1v0            
MX2X1               798    1910.412    slow_vdd1v0            
MX3X1                10      51.300    slow_vdd1v0            
MX3XL                20      95.760    slow_vdd1v0            
MXI2X1              770    2106.720    slow_vdd1v0            
MXI2X2             2361   10497.006    slow_vdd1v0            
MXI2X8               17     104.652    slow_vdd1v0            
NAND2BX1            415     567.720    slow_vdd1v0            
NAND2BX2             55     131.670    slow_vdd1v0            
NAND2BX4             21      79.002    slow_vdd1v0            
NAND2X1            3340    3426.840    slow_vdd1v0            
NAND2X2             238     406.980    slow_vdd1v0            
NAND2X4              12      41.040    slow_vdd1v0            
NAND3BX2             18      55.404    slow_vdd1v0            
NAND3BX4              1       5.130    slow_vdd1v0            
NAND3X2               6      16.416    slow_vdd1v0            
NAND3X6               2      14.364    slow_vdd1v0            
NOR2BX1             280     383.040    slow_vdd1v0            
NOR2BX2              35      95.760    slow_vdd1v0            
NOR2BX4              14      52.668    slow_vdd1v0            
NOR2X1             2876    2950.776    slow_vdd1v0            
NOR2X2              150     256.500    slow_vdd1v0            
NOR2X4               25      76.950    slow_vdd1v0            
NOR2X6                9      36.936    slow_vdd1v0            
NOR2X8                1       5.472    slow_vdd1v0            
NOR3BX2               1       3.420    slow_vdd1v0            
NOR3X2               10      27.360    slow_vdd1v0            
NOR3X4                1       5.130    slow_vdd1v0            
NOR4BX2               1       4.788    slow_vdd1v0            
NOR4X2                9      30.780    slow_vdd1v0            
NOR4X4                2      12.996    slow_vdd1v0            
OA21X1              879    1803.708    slow_vdd1v0            
OA21X2                2       6.156    slow_vdd1v0            
OA21X4                2       7.524    slow_vdd1v0            
OA22X1             3734    8939.196    slow_vdd1v0            
OAI21X1             271     463.410    slow_vdd1v0            
OAI21X2             845    2600.910    slow_vdd1v0            
OAI22X2              59     201.780    slow_vdd1v0            
OAI2BB1X1          2751    4704.210    slow_vdd1v0            
OAI2BB1X2           119     366.282    slow_vdd1v0            
OAI2BB1X4             1       4.446    slow_vdd1v0            
OR2X1              1545    2113.560    slow_vdd1v0            
OR2X2               106     181.260    slow_vdd1v0            
OR2X4                29      79.344    slow_vdd1v0            
OR2X6                51     191.862    slow_vdd1v0            
OR2X8               129     573.534    slow_vdd1v0            
OR3X1                66     135.432    slow_vdd1v0            
OR3X2               106     253.764    slow_vdd1v0            
OR3X4                 3       9.234    slow_vdd1v0            
OR3X6                 3      14.364    slow_vdd1v0            
OR3X8                32     175.104    slow_vdd1v0            
OR4X1               126     258.552    slow_vdd1v0            
OR4X2                 2       6.840    slow_vdd1v0            
OR4X4                 2       7.524    slow_vdd1v0            
SRAM1RW256x8          4   34535.023    saed32sram_ss0p95vn40c 
TBUFX6                4      31.464    slow_vdd1v0            
XNOR2X1            2275    5446.350    slow_vdd1v0            
XNOR2X2              40     123.120    slow_vdd1v0            
--------------------------------------------------------------
total             57809  223229.077                           


        Library        Instances    Area    Instances % 
--------------------------------------------------------
saed32sram_ss0p95vn40c         4  34535.023         0.0 
slow_vdd1v0                57805 188694.054       100.0 

                                           
     Type      Instances    Area    Area % 
-------------------------------------------
timing_model           4  34535.023   15.5 
sequential          8827  69013.890   30.9 
inverter            3539   6157.368    2.8 
buffer              1434   2944.620    1.3 
tristate               4     31.464    0.0 
logic              44001 110546.712   49.5 
physical_cells         0      0.000    0.0 
-------------------------------------------
total              57809 223229.077  100.0 

