============================================================
  Generated by:           Genus(TM) Synthesis Solution 21.10-p002_1
  Generated on:           Mar 27 2026  03:38:48 pm
  Module:                 et4351
  Technology libraries:   slow_vdd1v0 1.0
                          saed32sram_ss0p95vn40c 1.0000000
                          physical_cells 
  Operating conditions:   PVT_0P9V_125C 
  Interconnect mode:      global
  Area mode:              physical library
============================================================

       Instance                              Module                        Cell Count  Cell Area  Net Area   Total Area 
------------------------------------------------------------------------------------------------------------------------
et4351                                                                          48211 186376.183 63042.550   249418.732 
  accel                accelerator                                              35397 110079.198 46741.647   156820.845 
    fft                accelerator_fft_LOG_MAX_N32_MEM_WIDTH24_ADDR_WIDTH       24341  72285.462 32338.632   104624.094 
    mem                accelerator_mem_MEM_DEPTH64_DATA_WIDTH24                  8271  28115.478 10900.706    39016.184 
  flash_bufs_0_        bidir_buf_2679                                               1      7.866     0.000        7.866 
  flash_bufs_1_        bidir_buf_2680                                               1      7.866     0.000        7.866 
  flash_bufs_2_        bidir_buf_2681                                               1      7.866     0.000        7.866 
  flash_bufs_3_        bidir_buf                                                    1      7.866     0.000        7.866 
  soc                  picosoc                                                  12808  76250.815 16026.725    92277.539 
    cpu                picorv32_ENABLE_COUNTERS1_BARREL_SHIFTER1_COMPRESS       11213  36722.934 14110.590    50833.524 
      genblk1.pcpi_mul picorv32_pcpi_mul                                          829   2768.490   918.744     3687.234 
      genblk2.pcpi_div picorv32_pcpi_div                                          972   3326.634  1147.442     4474.076 
    memory             picosoc_mem_WORDS256                                         8  34537.759     2.965    34540.724 
    simpleuart         simpleuart                                                 693   2083.806   703.141     2786.947 
    spimemio           spimemio                                                   697   2421.360   755.598     3176.958 
      xfer             spimemio_xfer                                              239    709.650   255.477      965.127 
