*----------------------------------------------------------------------------------------
*	Innovus 21.11-s130_1 (64bit) 08/19/2021 16:59 (Linux 3.10.0-693.el7.x86_64)
*	
*
* 	Date & Time:	2026-Mar-18 20:53:06 (2026-Mar-18 19:53:06 GMT)
*
*----------------------------------------------------------------------------------------
*
*	Design: et4351
*
*	Liberty Libraries used: 
*	        analysis_view_power: /data/Cadence/gpdk045_v60/gsclib045_svt_v4.7/gsclib045/timing/fast_vdd1v2_basicCells.lib
*	        analysis_view_power: /data/Cadence/gpdk045_v60/Synopsys_sram/saed32sram_tt1p05v125c.lib
*
*	Power Domain used: 
*              Rail:        VDD      Voltage:       1.32 
*
*       Power View : analysis_view_power
*
*       User-Defined Activity : N.A.
*
*	Switching Activity File used: 
*	        ../sim_struct/vcd/et4351.struct.vcd
*                    Vcd Window used(Start Time, Stop Time):   
*                     Vcd Scale Factor: 1 
* *                    Design annotation coverage: 0/89453 = 0% 
*
*       Hierarchical Global Activity: N.A.
*
*       Global Activity: N.A.
*
*       Sequential Element Activity: N.A.
*
*       Primary Input Activity: N.A.
*
*       Default icg ratio: N.A.
*
*       Global Comb ClockGate Ratio: N.A.
*
*	Power Units = 1mW
*
*	Time Units = 1e-09 secs 
*
*       report_power -outfile powerReports/postCTSHold.rpt
*
-----------------------------------------------------------------------------------------


Total Power 
-----------------------------------------------------------------------------------------
Total Internal Power:        0.50898476 	   74.2492%
Total Switching Power:       0.14224852 	   20.7508%
Total Leakage Power:         0.03427526 	    5.0000%
Total Power:                 0.68550854 
-----------------------------------------------------------------------------------------


Group                           Internal   Switching     Leakage       Total  Percentage 
                                Power      Power         Power         Power  (%)        
-----------------------------------------------------------------------------------------
Sequential                        0.4396   0.0006154    0.007309      0.4475       65.29 
Macro                          5.384e-05   2.939e-05           0   8.323e-05     0.01214 
IO                                     0           0   2.028e-07   2.028e-07   2.958e-05 
Combinational                   0.008652    0.009445     0.02671     0.04481       6.536 
Clock (Combinational)            0.06066      0.1322   0.0002568      0.1931       28.16 
Clock (Sequential)                     0           0           0           0           0 
-----------------------------------------------------------------------------------------
Total                              0.509      0.1422     0.03428      0.6855         100 
-----------------------------------------------------------------------------------------


Rail                  Voltage   Internal   Switching     Leakage       Total  Percentage 
                                Power      Power         Power         Power  (%)        
-----------------------------------------------------------------------------------------
VDD                      1.32      0.509      0.1422     0.03428      0.6855         100 


Clock                           Internal   Switching     Leakage       Total  Percentage 
                                Power      Power         Power         Power  (%)        
-----------------------------------------------------------------------------------------
clk                              0.06066      0.1322   0.0002568      0.1931       28.16 
-----------------------------------------------------------------------------------------
Total (excluding duplicates)     0.06066      0.1322   0.0002568      0.1931       28.16 
-----------------------------------------------------------------------------------------
Clock: clk
Clock Period: 0.020830 usec 
Clock Toggle Rate:    23.9682 Mhz 
Clock Static Probability:  0.4997



-----------------------------------------------------------------------------------------
*	Power Distribution Summary: 
*                Highest Average Power: accel/CTS_ccl_a_buf_00043 (CLKBUFX20):         0.001816 
*                Highest Leakage Power: accel/fft/FE_OFC3429_n_2828 (CLKBUFX20):        2.292e-06 
*          Total Cap:      3.31416e-10 F
*          Total instances in design: 86153
*          Total instances in design with no power:     0
*          Total instances in design with no activity:     0
*          Total Fillers and Decap:     0
-----------------------------------------------------------------------------------------

