============================================================
  Generated by:           Genus(TM) Synthesis Solution 21.10-p002_1
  Generated on:           Mar 13 2026  10:55:08 pm
  Module:                 et4351
  Technology libraries:   slow_vdd1v0 1.0
                          saed32sram_ss0p95vn40c 1.0000000
                          physical_cells 
  Operating conditions:   PVT_0P9V_125C 
  Interconnect mode:      global
  Area mode:              physical library
============================================================

Timing
--------

  Clock    Period 
------------------
clk       16670.0 
flash_clk 33340.0 


   Cost     Critical         Violating 
  Group    Path Slack  TNS     Paths   
---------------------------------------
clk            1310.3   0.0          0 
default      No paths   0.0            
flash_clk      2068.0   0.0          0 
---------------------------------------
Total                   0.0          0 

Instance Count
--------------
Leaf Instance Count             52327 
Physical Instance count             0 
Sequential Instance Count        8833 
Combinational Instance Count    43494 
Hierarchical Instance Count        15 

Area
----
Cell Area                          209189.635
Physical Cell Area                 0.000
Total Cell Area (Cell+Physical)    209189.635
Net Area                           68259.967
Total Area (Cell+Physical+Net)     277449.602

Max Fanout                         8833 (clk)
Min Fanout                         0 (iomem_addr_0_)
Average Fanout                     2.5
Terms to net ratio                 3.5294
Terms to instance ratio            3.7346
Runtime                            841.017754 seconds
Elapsed Runtime                    860 seconds
Genus peak memory usage            1706.35 
Innovus peak memory usage          no_value 
Hostname                           et4351.ewi.tudelft.nl
