============================================================
  Generated by:           Genus(TM) Synthesis Solution 21.10-p002_1
  Generated on:           Mar 18 2026  08:17:57 pm
  Module:                 et4351
  Technology libraries:   slow_vdd1v0 1.0
                          saed32sram_ss0p95vn40c 1.0000000
                          physical_cells 
  Operating conditions:   PVT_0P9V_125C 
  Interconnect mode:      global
  Area mode:              physical library
============================================================

       Instance                              Module                        Cell Count  Cell Area  Net Area   Total Area 
------------------------------------------------------------------------------------------------------------------------
et4351                                                                          57809 223229.077 76390.320   299619.396 
  accel                accelerator                                              44965 146863.692 60112.642   206976.334 
    fft                accelerator_fft_LOG_MAX_N32_MEM_WIDTH32_ADDR_WIDTH       29258  92556.144 39603.762   132159.906 
    mem                accelerator_mem_MEM_DEPTH64                              10780  37280.052 14383.552    51663.604 
  flash_bufs_0_        bidir_buf_2773                                               1      7.866     0.000        7.866 
  flash_bufs_1_        bidir_buf_2774                                               1      7.866     0.000        7.866 
  flash_bufs_2_        bidir_buf_2775                                               1      7.866     0.000        7.866 
  flash_bufs_3_        bidir_buf                                                    1      7.866     0.000        7.866 
  soc                  picosoc                                                  12837  76317.847 16049.342    92367.188 
    cpu                picorv32_ENABLE_COUNTERS1_BARREL_SHIFTER1_COMPRESS       11243  36785.178 14133.226    50918.404 
      genblk1.pcpi_mul picorv32_pcpi_mul                                          829   2768.490   918.744     3687.234 
      genblk2.pcpi_div picorv32_pcpi_div                                          971   3320.820  1146.701     4467.521 
    memory             picosoc_mem_WORDS256                                         8  34537.759     2.965    34540.724 
    simpleuart         simpleuart                                                 693   2086.542   703.141     2789.683 
    spimemio           spimemio                                                   697   2421.360   755.598     3176.958 
      xfer             spimemio_xfer                                              239    709.650   255.477      965.127 
