============================================================
  Generated by:           Genus(TM) Synthesis Solution 21.10-p002_1
  Generated on:           Mar 09 2026  07:22:05 pm
  Module:                 et4351
  Technology libraries:   slow_vdd1v0 1.0
                          saed32sram_ss0p95vn40c 1.0000000
                          physical_cells 
  Operating conditions:   PVT_0P9V_125C 
  Interconnect mode:      global
  Area mode:              physical library
============================================================

                                                   Wire      Wire   Wireload 
               Net               Loads   Drivers Cap(fF) Res(k-ohm)    Model 
-----------------------------------------------------------------------------
soc/cpu/n_245                       80         1   152.2      0.276          
soc/cpu/genblk2.pcpi_div/n_110      78         1   148.4      0.269          
accel/fft/n_14903                   76         1   144.7      0.263          
accel/fft/n_14911                   76         1   144.7      0.263          
accel/fft/n_14915                   76         1   144.7      0.263          
accel/fft/n_14929                   76         1   144.7      0.263          
accel/fft/n_19034                   76         1   144.7      0.263          
accel/fft/n_1441                    75         1   142.8      0.259          
accel/fft/n_1466                    74         1   140.9      0.256          
accel/fft/n_14905                   74         1   140.9      0.256          
accel/fft/n_14906                   74         1   140.9      0.256          
accel/fft/n_14909                   74         1   140.9      0.256          
accel/fft/n_14951                   74         1   140.9      0.256          
accel/fft/n_14955                   73         1   139.1      0.252          
accel/fft/n_1456                    72         1   137.2      0.249          
accel/fft/n_2059                    72         1   137.2      0.249          
soc/cpu/genblk1.pcpi_mul/n_50       72         1   137.2      0.249          
accel/fft/n_14944                   71         1   135.3      0.246          
accel/fft/n_19035                   70         1   133.4      0.242          
soc/cpu/genblk1.pcpi_mul/n_13       70         1   133.4      0.242          
accel/fft/n_14888                   68         1   129.7      0.235          
accel/fft/n_14889                   68         1   129.7      0.235          
accel/fft/n_14890                   68         1   129.7      0.235          
accel/fft/n_14891                   68         1   129.7      0.235          
accel/fft/n_14892                   68         1   129.7      0.235          
accel/fft/n_14893                   68         1   129.7      0.235          
accel/fft/n_14895                   68         1   129.7      0.235          
accel/fft/n_14896                   68         1   129.7      0.235          
accel/fft/n_1434                    65         1   124.0      0.225          
accel/fft/n_1444                    65         1   124.0      0.225          
accel/fft/n_1452                    65         1   124.0      0.225          
accel/fft/n_1543                    65         1   124.0      0.225          
accel/fft/n_1547                    65         1   124.0      0.225          
accel/fft/n_1549                    65         1   124.0      0.225          
accel/fft/n_1559                    65         1   124.0      0.225          
accel/fft/n_2055                    65         1   124.0      0.225          
accel/fft/n_2061                    65         1   124.0      0.225          
accel/fft/n_2062                    65         1   124.0      0.225          
accel/fft/n_14884                   65         1   124.0      0.225          
accel/fft/n_1433                    64         1   122.2      0.222          
accel/fft/n_1435                    64         1   122.2      0.222          
accel/fft/n_1436                    64         1   122.2      0.222          
accel/fft/n_1437                    64         1   122.2      0.222          
accel/fft/n_1438                    64         1   122.2      0.222          
accel/fft/n_1439                    64         1   122.2      0.222          
accel/fft/n_1442                    64         1   122.2      0.222          
accel/fft/n_1446                    64         1   122.2      0.222          
accel/fft/n_1448                    64         1   122.2      0.222          
accel/fft/n_1449                    64         1   122.2      0.222          
accel/fft/n_1451                    64         1   122.2      0.222          
