============================================================
  Generated by:           Genus(TM) Synthesis Solution 21.10-p002_1
  Generated on:           Mar 12 2026  12:47:28 pm
  Module:                 et4351
  Technology libraries:   slow_vdd1v0 1.0
                          saed32sram_ss0p95vn40c 1.0000000
                          physical_cells 
  Operating conditions:   PVT_0P9V_125C 
  Interconnect mode:      global
  Area mode:              physical library
============================================================

                                    
    Gate      Instances     Area             Library          
--------------------------------------------------------------
ADDFHX4             240    2298.240    slow_vdd1v0            
ADDFX1             2082   10680.660    slow_vdd1v0            
ADDFX2                4      31.464    slow_vdd1v0            
ADDHX1              393    1478.466    slow_vdd1v0            
ADDHX2                5      25.650    slow_vdd1v0            
ADDHX4                3      21.546    slow_vdd1v0            
AND2X1             3639    4978.152    slow_vdd1v0            
AND2X2              539     921.690    slow_vdd1v0            
AND2X4              104     284.544    slow_vdd1v0            
AND2X6               58     218.196    slow_vdd1v0            
AND2X8              161     715.806    slow_vdd1v0            
AND3X1               14      33.516    slow_vdd1v0            
AND3X2                9      24.624    slow_vdd1v0            
AND3X4                2       6.156    slow_vdd1v0            
AND3X6                5      22.230    slow_vdd1v0            
AND3X8               21     107.730    slow_vdd1v0            
AND3XL               75     153.900    slow_vdd1v0            
AND4X1               51     122.094    slow_vdd1v0            
AND4X2                4      12.312    slow_vdd1v0            
AND4X4                1       3.762    slow_vdd1v0            
AND4X8                1       6.156    slow_vdd1v0            
AO21X1               81     193.914    slow_vdd1v0            
AO21X2               13      35.568    slow_vdd1v0            
AO21X4               22      75.240    slow_vdd1v0            
AO22X1             5960   16306.560    slow_vdd1v0            
AO22X2                3       9.234    slow_vdd1v0            
AO22X4                1       3.762    slow_vdd1v0            
AOI211X2              4      13.680    slow_vdd1v0            
AOI211X4              1       6.498    slow_vdd1v0            
AOI21X1            4943    8452.530    slow_vdd1v0            
AOI21X2             292     798.912    slow_vdd1v0            
AOI221X2             10      44.460    slow_vdd1v0            
AOI222X2              4      21.888    slow_vdd1v0            
AOI22X2            4020   15123.240    slow_vdd1v0            
AOI2BB1X1            41      84.132    slow_vdd1v0            
AOI2BB1X2             2       6.156    slow_vdd1v0            
AOI2BB1X4             1       4.104    slow_vdd1v0            
AOI2BB2X2            28     143.640    slow_vdd1v0            
AOI31X2               1       3.420    slow_vdd1v0            
BUFX12               54     277.020    slow_vdd1v0            
BUFX16               17     116.280    slow_vdd1v0            
BUFX2               749    1280.790    slow_vdd1v0            
BUFX20               24     196.992    slow_vdd1v0            
BUFX3                49     100.548    slow_vdd1v0            
BUFX4                13      31.122    slow_vdd1v0            
BUFX6                16      49.248    slow_vdd1v0            
BUFX8                16      60.192    slow_vdd1v0            
CLKAND2X12          214    1610.136    slow_vdd1v0            
CLKAND2X2             2       4.104    slow_vdd1v0            
CLKAND2X8             1       5.814    slow_vdd1v0            
CLKBUFX12            14      71.820    slow_vdd1v0            
CLKBUFX16            12      82.080    slow_vdd1v0            
CLKBUFX2            293     501.030    slow_vdd1v0            
CLKBUFX20            19     155.952    slow_vdd1v0            
CLKBUFX6              1       3.078    slow_vdd1v0            
CLKINVX12            39     160.056    slow_vdd1v0            
CLKINVX16            51     279.072    slow_vdd1v0            
CLKINVX20            20     129.960    slow_vdd1v0            
CLKINVX4            468     800.280    slow_vdd1v0            
CLKINVX6             66     158.004    slow_vdd1v0            
CLKINVX8             90     277.020    slow_vdd1v0            
CLKMX2X2              3       9.234    slow_vdd1v0            
CLKMX2X4              1       4.104    slow_vdd1v0            
CLKMX2X6             17      75.582    slow_vdd1v0            
CLKMX2X8              8      46.512    slow_vdd1v0            
CLKXOR2X1           112     306.432    slow_vdd1v0            
CLKXOR2X2             9      30.780    slow_vdd1v0            
CLKXOR2X8            13      75.582    slow_vdd1v0            
DFFHQX1            1810    9904.320    slow_vdd1v0            
DFFHQX2             432    2954.880    slow_vdd1v0            
DFFHQX4              40     328.320    slow_vdd1v0            
DFFHQX8              44     406.296    slow_vdd1v0            
DFFNSRX1              4      36.936    slow_vdd1v0            
DFFQX1                3      17.442    slow_vdd1v0            
DFFQX2             2807   18239.886    slow_vdd1v0            
DFFQX4               25     179.550    slow_vdd1v0            
DFFQXL                1       5.472    slow_vdd1v0            
DFFRHQX1             81     498.636    slow_vdd1v0            
DFFRHQX2              6      47.196    slow_vdd1v0            
DFFRHQX4             13     124.488    slow_vdd1v0            
DFFRX1                2      13.680    slow_vdd1v0            
DFFRX2               64     481.536    slow_vdd1v0            
DFFRX4                2      19.152    slow_vdd1v0            
DFFSHQX1             13      84.474    slow_vdd1v0            
DFFSHQX4              1       9.576    slow_vdd1v0            
DFFSHQX8              1      10.602    slow_vdd1v0            
DFFSX1                1       7.524    slow_vdd1v0            
DFFSX4                1      10.944    slow_vdd1v0            
DFFTRX2             142    1165.536    slow_vdd1v0            
DFFTRXL              15     117.990    slow_vdd1v0            
DFFX1                 3      21.546    slow_vdd1v0            
DFFX2                 1       8.208    slow_vdd1v0            
DFFX4                 2      18.468    slow_vdd1v0            
EDFFHQX1           2170   18553.500    slow_vdd1v0            
EDFFHQX2             10      88.920    slow_vdd1v0            
EDFFX2                1       9.234    slow_vdd1v0            
INVX1               813     556.092    slow_vdd1v0            
INVX2               337     345.762    slow_vdd1v0            
INVX20               36     233.928    slow_vdd1v0            
INVX3               121     165.528    slow_vdd1v0            
INVX4                 4       6.840    slow_vdd1v0            
INVX6                53     126.882    slow_vdd1v0            
INVX8                62     190.836    slow_vdd1v0            
INVXL                14       9.576    slow_vdd1v0            
MDFFHQX1              1       8.550    slow_vdd1v0            
MDFFHQX2              1       9.234    slow_vdd1v0            
MDFFHQX4              6      55.404    slow_vdd1v0            
MX2X1               517    1237.698    slow_vdd1v0            
MX3X1                12      61.560    slow_vdd1v0            
MX3XL                 8      38.304    slow_vdd1v0            
MXI2X1                1       2.736    slow_vdd1v0            
MXI2X2               71     315.666    slow_vdd1v0            
MXI2X6               13      66.690    slow_vdd1v0            
MXI2X8               16      98.496    slow_vdd1v0            
NAND2BX1            421     575.928    slow_vdd1v0            
NAND2BX2             62     148.428    slow_vdd1v0            
NAND2BX4             24      90.288    slow_vdd1v0            
NAND2X1            2235    2293.110    slow_vdd1v0            
NAND2X2             320     547.200    slow_vdd1v0            
NAND2X4              17      58.140    slow_vdd1v0            
NAND2X6               2       9.576    slow_vdd1v0            
NAND3BX2             10      30.780    slow_vdd1v0            
NAND3X2              40     109.440    slow_vdd1v0            
NOR2BX1            2253    3082.104    slow_vdd1v0            
NOR2BX2              41     112.176    slow_vdd1v0            
NOR2BX4              22      82.764    slow_vdd1v0            
NOR2X1             2211    2268.486    slow_vdd1v0            
NOR2X2              157     268.470    slow_vdd1v0            
NOR2X4               22      67.716    slow_vdd1v0            
NOR2X6                8      32.832    slow_vdd1v0            
NOR2X8                2      10.944    slow_vdd1v0            
NOR3BX4               4      23.256    slow_vdd1v0            
NOR3X2               10      27.360    slow_vdd1v0            
NOR3X4                1       5.130    slow_vdd1v0            
NOR4BX2               1       4.788    slow_vdd1v0            
NOR4BX4               3      22.572    slow_vdd1v0            
NOR4X2               41     140.220    slow_vdd1v0            
NOR4X4               35     227.430    slow_vdd1v0            
OA21X1             1314    2696.328    slow_vdd1v0            
OA21X2                8      24.624    slow_vdd1v0            
OA21X4                1       3.762    slow_vdd1v0            
OA22X1              740    1771.560    slow_vdd1v0            
OA22X4                1       4.104    slow_vdd1v0            
OAI21X1             275     470.250    slow_vdd1v0            
OAI21X2              35     107.730    slow_vdd1v0            
OAI21X4               5      23.940    slow_vdd1v0            
OAI22X2              85     290.700    slow_vdd1v0            
OAI2BB1X1          2189    3743.190    slow_vdd1v0            
OAI2BB1X2            70     215.460    slow_vdd1v0            
OAI2BB1X4             2       8.892    slow_vdd1v0            
OAI31X2               2       7.524    slow_vdd1v0            
OAI32X2               2       8.892    slow_vdd1v0            
OR2X1               399     545.832    slow_vdd1v0            
OR2X2               268     458.280    slow_vdd1v0            
OR2X4                49     134.064    slow_vdd1v0            
OR2X6                70     263.340    slow_vdd1v0            
OR2X8                88     391.248    slow_vdd1v0            
OR3X1                94     192.888    slow_vdd1v0            
OR3X2                52     124.488    slow_vdd1v0            
OR3X4                15      46.170    slow_vdd1v0            
OR3X6                 3      14.364    slow_vdd1v0            
OR3X8                40     218.880    slow_vdd1v0            
OR4X1               367     753.084    slow_vdd1v0            
OR4X2                59     201.780    slow_vdd1v0            
OR4X4                35     131.670    slow_vdd1v0            
OR4X6                32     175.104    slow_vdd1v0            
OR4X8                42     258.552    slow_vdd1v0            
SRAM1RW256x8          4   34535.023    saed32sram_ss0p95vn40c 
TBUFX6                4      31.464    slow_vdd1v0            
XNOR2X1            2612    6253.128    slow_vdd1v0            
XNOR2X2              13      40.014    slow_vdd1v0            
XNOR2X4              26      97.812    slow_vdd1v0            
XOR2X4                6      24.624    slow_vdd1v0            
--------------------------------------------------------------
total             51959  191774.653                           


        Library        Instances    Area    Instances % 
--------------------------------------------------------
saed32sram_ss0p95vn40c         4  34535.023         0.0 
slow_vdd1v0                51955 157239.630       100.0 

                                           
     Type      Instances    Area    Area % 
-------------------------------------------
timing_model           4  34535.023   18.0 
sequential          7703  53437.500   27.9 
inverter            2174   3439.836    1.8 
buffer              1277   2926.152    1.5 
tristate               4     31.464    0.0 
logic              40797  97404.678   50.8 
physical_cells         0      0.000    0.0 
-------------------------------------------
total              51959 191774.653  100.0 

